c:\users\josef\documents\visual studio 2015\projects\holmnerbitchess\holmnerbitchess\debug\vc140.pdb
c:\users\josef\documents\visual studio 2015\projects\holmnerbitchess\holmnerbitchess\debug\vc140.idb
c:\users\josef\documents\visual studio 2015\projects\holmnerbitchess\holmnerbitchess\debug\debug.obj
c:\users\josef\documents\visual studio 2015\projects\holmnerbitchess\holmnerbitchess\debug\init.obj
c:\users\josef\documents\visual studio 2015\projects\holmnerbitchess\holmnerbitchess\debug\main.obj
c:\users\josef\documents\visual studio 2015\projects\holmnerbitchess\holmnerbitchess\debug\moves.obj
c:\users\josef\documents\visual studio 2015\projects\holmnerbitchess\holmnerbitchess\debug\performancetest.obj
c:\users\josef\documents\visual studio 2015\projects\holmnerbitchess\holmnerbitchess\debug\perfttest.obj
c:\users\josef\documents\visual studio 2015\projects\holmnerbitchess\holmnerbitchess\debug\play.obj
c:\users\josef\documents\visual studio 2015\projects\holmnerbitchess\holmnerbitchess\debug\print.obj
c:\users\josef\documents\visual studio 2015\projects\holmnerbitchess\holmnerbitchess\debug\search.obj
c:\users\josef\documents\visual studio 2015\projects\holmnerbitchess\debug\holmnerbitchess.ilk
c:\users\josef\documents\visual studio 2015\projects\holmnerbitchess\debug\holmnerbitchess.exe
c:\users\josef\documents\visual studio 2015\projects\holmnerbitchess\debug\holmnerbitchess.pdb
c:\users\josef\documents\visual studio 2015\projects\holmnerbitchess\holmnerbitchess\debug\holmnerbitchess.tlog\cl.command.1.tlog
c:\users\josef\documents\visual studio 2015\projects\holmnerbitchess\holmnerbitchess\debug\holmnerbitchess.tlog\cl.read.1.tlog
c:\users\josef\documents\visual studio 2015\projects\holmnerbitchess\holmnerbitchess\debug\holmnerbitchess.tlog\cl.write.1.tlog
c:\users\josef\documents\visual studio 2015\projects\holmnerbitchess\holmnerbitchess\debug\holmnerbitchess.tlog\link.command.1.tlog
c:\users\josef\documents\visual studio 2015\projects\holmnerbitchess\holmnerbitchess\debug\holmnerbitchess.tlog\link.read.1.tlog
c:\users\josef\documents\visual studio 2015\projects\holmnerbitchess\holmnerbitchess\debug\holmnerbitchess.tlog\link.write.1.tlog
